<java.util.Arrays_-ArrayList>
  <a class="string-array">
    <string>&lt;?xml version=&quot;1.0&quot; encoding=&quot;UTF-8&quot;?&gt;&#xd;
&lt;version xmlns:xsi=&quot;http://www.w3.org/2001/XMLSchema-instance&quot; xmlns=&quot;http://schemas.openehr.org/v1&quot;&gt;&#xd;
   &#xd;
   &lt;!-- OBJECT_REF contribution = NULL // se setea en el servidor --&gt;&#xd;
   &#xd;
   &lt;!-- AUDIT_DETAILS --&gt;&#xd;
   &lt;commit_audit&gt;&#xd;
     &lt;!-- Identity of the system where the change was committed --&gt;&#xd;
	 &lt;!-- system_id = NULL // lo setea el servidor con su id ej. ISIS_EHR_SERVER --&gt;&#xd;
     &#xd;
     &lt;!-- DV_DATE_TIME time_committed = NULL // lo setea el servidor con el momento que recibe el commit,&#xd;
                                             // se copia el valor de CONTRIBUTION.audit.timeCommitted --&gt;&#xd;
     &#xd;
     &lt;!-- DV_CODED_TEXT --&gt;&#xd;
     &lt;change_type&gt;&#xd;
       &lt;value&gt;creation&lt;/value&gt;&#xd;
       &lt;defining_code&gt;&#xd;
         &lt;terminology_id&gt;&#xd;
           &lt;value&gt;openehr&lt;/value&gt;&#xd;
         &lt;/terminology_id&gt;&#xd;
         &lt;code_string&gt;249&lt;/code_string&gt;&#xd;
       &lt;/defining_code&gt;&#xd;
     &lt;/change_type&gt;&#xd;
     &#xd;
     &lt;!-- PARTY_IDENTIFIED --&gt;&#xd;
     &lt;committer&gt;&#xd;
       &lt;name&gt;ISIS_EMR_APP&lt;/name&gt;&#xd;
     &lt;/committer&gt;&#xd;
   &lt;/commit_audit&gt;&#xd;
   &#xd;
   &lt;!-- OBJECT_VERSION_ID uid = NULL // se setea en el servidor --&gt;&#xd;
   &lt;!--&#xd;
   &lt;uid&gt;&#xd;
     &lt;value&gt;10aec661-5458-4ff6-8e63-c22655371444::ISIS_EMR::1&lt;/value&gt;&#xd;
   &lt;/uid&gt;&#xd;
   --&gt;&#xd;
   &#xd;
   &lt;!-- COMPOSITION --&gt;&#xd;
   &lt;data xsi:type=&quot;COMPOSITION&quot; archetype_node_id=&quot;openEHR-EHR-COMPOSITION.encounter.v1&quot;&gt;&#xd;
      &lt;name&gt;&#xd;
         &lt;value&gt;Blood Pressure&lt;/value&gt;&#xd;
      &lt;/name&gt;&#xd;
      &lt;language&gt;&#xd;
         &lt;terminology_id&gt;&#xd;
            &lt;value/&gt;&#xd;
         &lt;/terminology_id&gt;&#xd;
         &lt;code_string/&gt;&#xd;
      &lt;/language&gt;&#xd;
      &lt;territory&gt;&#xd;
         &lt;terminology_id&gt;&#xd;
            &lt;value&gt;ISO 1366&lt;/value&gt;&#xd;
         &lt;/terminology_id&gt;&#xd;
         &lt;code_string&gt;036&lt;/code_string&gt;&#xd;
      &lt;/territory&gt;&#xd;
      &lt;category&gt;&#xd;
         &lt;value&gt;event&lt;/value&gt;&#xd;
         &lt;defining_code&gt;&#xd;
            &lt;terminology_id&gt;&#xd;
               &lt;value&gt;openehr&lt;/value&gt;&#xd;
            &lt;/terminology_id&gt;&#xd;
            &lt;code_string&gt;433&lt;/code_string&gt;&#xd;
         &lt;/defining_code&gt;&#xd;
      &lt;/category&gt;&#xd;
      &lt;composer xsi:type=&quot;PARTY_IDENTIFIED&quot;&gt;&#xd;
         &lt;name&gt;Dr. Pablo Pazos&lt;/name&gt;&#xd;
      &lt;/composer&gt;&#xd;
      &lt;context&gt;&#xd;
         &lt;start_time&gt;&#xd;
            &lt;value&gt;20070920T104614,0000+0930&lt;/value&gt;&#xd;
         &lt;/start_time&gt;&#xd;
         &lt;setting&gt;&#xd;
            &lt;value&gt;emergency care&lt;/value&gt;&#xd;
            &lt;defining_code&gt;&#xd;
               &lt;terminology_id&gt;&#xd;
                  &lt;value&gt;openEHR&lt;/value&gt;&#xd;
               &lt;/terminology_id&gt;&#xd;
               &lt;code_string&gt;226&lt;/code_string&gt;&#xd;
            &lt;/defining_code&gt;&#xd;
         &lt;/setting&gt;&#xd;
      &lt;/context&gt;&#xd;
      &lt;content xsi:type=&quot;OBSERVATION&quot; archetype_node_id=&quot;openEHR-EHR-OBSERVATION.blood_pressure.v1&quot;&gt;&#xd;
         &lt;name&gt;&#xd;
            &lt;value&gt;Blood Pressure&lt;/value&gt;&#xd;
         &lt;/name&gt;&#xd;
         &lt;language&gt;&#xd;
            &lt;terminology_id&gt;&#xd;
               &lt;value&gt;ISO 639&lt;/value&gt;&#xd;
            &lt;/terminology_id&gt;&#xd;
            &lt;code_string&gt;en&lt;/code_string&gt;&#xd;
         &lt;/language&gt;&#xd;
         &lt;encoding&gt;&#xd;
            &lt;terminology_id&gt;&#xd;
               &lt;value&gt;IANA&lt;/value&gt;&#xd;
            &lt;/terminology_id&gt;&#xd;
            &lt;code_string&gt;utf-8&lt;/code_string&gt;&#xd;
         &lt;/encoding&gt;&#xd;
         &lt;subject xsi:type=&quot;PARTY_SELF&quot;/&gt;&#xd;
         &lt;protocol xsi:type=&quot;ITEM_LIST&quot; archetype_node_id=&quot;at0011&quot;&gt;&#xd;
            &lt;name&gt;&#xd;
               &lt;value&gt;protocol&lt;/value&gt;&#xd;
            &lt;/name&gt;&#xd;
            &lt;items archetype_node_id=&quot;at0014&quot;&gt;&#xd;
               &lt;name&gt;&#xd;
                  &lt;value&gt;Location of measurement&lt;/value&gt;&#xd;
               &lt;/name&gt;&#xd;
               &lt;value xsi:type=&quot;DV_CODED_TEXT&quot;&gt;&#xd;
                  &lt;value&gt;Right arm&lt;/value&gt;&#xd;
                  &lt;defining_code&gt;&#xd;
                     &lt;terminology_id&gt;&#xd;
                        &lt;value&gt;local&lt;/value&gt;&#xd;
                     &lt;/terminology_id&gt;&#xd;
                     &lt;code_string&gt;at0025&lt;/code_string&gt;&#xd;
                  &lt;/defining_code&gt;&#xd;
               &lt;/value&gt;&#xd;
            &lt;/items&gt;&#xd;
         &lt;/protocol&gt;&#xd;
         &lt;data archetype_node_id=&quot;at0001&quot;&gt;&#xd;
            &lt;name&gt;&#xd;
               &lt;value&gt;data&lt;/value&gt;&#xd;
            &lt;/name&gt;&#xd;
            &lt;origin&gt;&#xd;
               &lt;value&gt;20070920T104614,0156+0930&lt;/value&gt;&#xd;
            &lt;/origin&gt;&#xd;
            &lt;events xsi:type=&quot;POINT_EVENT&quot; archetype_node_id=&quot;at0006&quot;&gt;&#xd;
               &lt;name&gt;&#xd;
                  &lt;value&gt;any event&lt;/value&gt;&#xd;
               &lt;/name&gt;&#xd;
               &lt;time&gt;&#xd;
                  &lt;value&gt;20070920T104614,0156+0930&lt;/value&gt;&#xd;
               &lt;/time&gt;&#xd;
               &lt;data xsi:type=&quot;ITEM_LIST&quot; archetype_node_id=&quot;at0003&quot;&gt;&#xd;
                  &lt;name&gt;&#xd;
                     &lt;value&gt;data&lt;/value&gt;&#xd;
                  &lt;/name&gt;&#xd;
                  &lt;items archetype_node_id=&quot;at0004&quot;&gt;&#xd;
                     &lt;name&gt;&#xd;
                        &lt;value&gt;systolic&lt;/value&gt;&#xd;
                     &lt;/name&gt;&#xd;
                     &lt;value xsi:type=&quot;DV_QUANTITY&quot;&gt;&#xd;
                        &lt;magnitude&gt;120&lt;/magnitude&gt;&#xd;
                        &lt;units&gt;mm[Hg]&lt;/units&gt;&#xd;
                     &lt;/value&gt;&#xd;
                  &lt;/items&gt;&#xd;
                  &lt;items archetype_node_id=&quot;at0005&quot;&gt;&#xd;
                     &lt;name&gt;&#xd;
                        &lt;value&gt;diastolic&lt;/value&gt;&#xd;
                     &lt;/name&gt;&#xd;
                     &lt;value xsi:type=&quot;DV_QUANTITY&quot;&gt;&#xd;
                        &lt;magnitude&gt;90&lt;/magnitude&gt;&#xd;
                        &lt;units&gt;mm[Hg]&lt;/units&gt;&#xd;
                     &lt;/value&gt;&#xd;
                  &lt;/items&gt;&#xd;
               &lt;/data&gt;&#xd;
            &lt;/events&gt;&#xd;
         &lt;/data&gt;&#xd;
      &lt;/content&gt;&#xd;
   &lt;/data&gt;&#xd;
   &#xd;
   &lt;!-- DV_CODED_TEXT --&gt;&#xd;
   &lt;lifecycle_state&gt;&#xd;
     &lt;value&gt;completed&lt;/value&gt;&#xd;
     &lt;defining_code&gt;&#xd;
       &lt;terminology_id&gt;&#xd;
         &lt;value&gt;openehr&lt;/value&gt;&#xd;
       &lt;/terminology_id&gt;&#xd;
       &lt;code_string&gt;532&lt;/code_string&gt;&#xd;
     &lt;/defining_code&gt;&#xd;
   &lt;/lifecycle_state&gt;&#xd;
 &lt;/version&gt;</string>
    <string>&lt;?xml version=&quot;1.0&quot; encoding=&quot;UTF-8&quot;?&gt;&#xd;
&lt;version xmlns:xsi=&quot;http://www.w3.org/2001/XMLSchema-instance&quot; xmlns=&quot;http://schemas.openehr.org/v1&quot;&gt;&#xd;
   &#xd;
   &lt;!-- OBJECT_REF contribution = NULL // se setea en el servidor --&gt;&#xd;
   &#xd;
   &lt;!-- AUDIT_DETAILS --&gt;&#xd;
   &lt;commit_audit&gt;&#xd;
     &lt;!-- Identity of the system where the change was committed --&gt;&#xd;
	 &lt;!-- system_id = NULL // lo setea el servidor con su id ej. ISIS_EHR_SERVER --&gt;&#xd;
     &#xd;
     &lt;!-- DV_DATE_TIME time_committed = NULL // lo setea el servidor con el momento que recibe el commit,&#xd;
                                             // se copia el valor de CONTRIBUTION.audit.timeCommitted --&gt;&#xd;
     &#xd;
     &lt;!-- DV_CODED_TEXT --&gt;&#xd;
     &lt;change_type&gt;&#xd;
       &lt;value&gt;creation&lt;/value&gt;&#xd;
       &lt;defining_code&gt;&#xd;
         &lt;terminology_id&gt;&#xd;
           &lt;value&gt;openehr&lt;/value&gt;&#xd;
         &lt;/terminology_id&gt;&#xd;
         &lt;code_string&gt;249&lt;/code_string&gt;&#xd;
       &lt;/defining_code&gt;&#xd;
     &lt;/change_type&gt;&#xd;
     &#xd;
     &lt;!-- PARTY_IDENTIFIED --&gt;&#xd;
     &lt;committer&gt;&#xd;
       &lt;name&gt;ISIS_EMR_APP&lt;/name&gt;&#xd;
     &lt;/committer&gt;&#xd;
   &lt;/commit_audit&gt;&#xd;
   &#xd;
   &lt;!-- OBJECT_VERSION_ID uid = NULL // se setea en el servidor --&gt;&#xd;
   &lt;!--&#xd;
   &lt;uid&gt;&#xd;
     &lt;value&gt;10aec661-5458-4ff6-8e63-c22655371444::ISIS_EMR::1&lt;/value&gt;&#xd;
   &lt;/uid&gt;&#xd;
   --&gt;&#xd;
   &#xd;
   &lt;!-- COMPOSITION --&gt;&#xd;
   &lt;data xsi:type=&quot;COMPOSITION&quot; archetype_node_id=&quot;openEHR-EHR-COMPOSITION.encounter.v1&quot;&gt;&#xd;
      &lt;name&gt;&#xd;
         &lt;value&gt;Blood Pressure&lt;/value&gt;&#xd;
      &lt;/name&gt;&#xd;
      &lt;language&gt;&#xd;
         &lt;terminology_id&gt;&#xd;
            &lt;value/&gt;&#xd;
         &lt;/terminology_id&gt;&#xd;
         &lt;code_string/&gt;&#xd;
      &lt;/language&gt;&#xd;
      &lt;territory&gt;&#xd;
         &lt;terminology_id&gt;&#xd;
            &lt;value&gt;ISO 1366&lt;/value&gt;&#xd;
         &lt;/terminology_id&gt;&#xd;
         &lt;code_string&gt;036&lt;/code_string&gt;&#xd;
      &lt;/territory&gt;&#xd;
      &lt;category&gt;&#xd;
         &lt;value&gt;event&lt;/value&gt;&#xd;
         &lt;defining_code&gt;&#xd;
            &lt;terminology_id&gt;&#xd;
               &lt;value&gt;openehr&lt;/value&gt;&#xd;
            &lt;/terminology_id&gt;&#xd;
            &lt;code_string&gt;433&lt;/code_string&gt;&#xd;
         &lt;/defining_code&gt;&#xd;
      &lt;/category&gt;&#xd;
      &lt;composer xsi:type=&quot;PARTY_IDENTIFIED&quot;&gt;&#xd;
         &lt;name&gt;Dr. Pablo Pazos&lt;/name&gt;&#xd;
      &lt;/composer&gt;&#xd;
      &lt;context&gt;&#xd;
         &lt;start_time&gt;&#xd;
            &lt;value&gt;20081024T104614,0000+0930&lt;/value&gt;&#xd;
         &lt;/start_time&gt;&#xd;
         &lt;setting&gt;&#xd;
            &lt;value&gt;emergency care&lt;/value&gt;&#xd;
            &lt;defining_code&gt;&#xd;
               &lt;terminology_id&gt;&#xd;
                  &lt;value&gt;openEHR&lt;/value&gt;&#xd;
               &lt;/terminology_id&gt;&#xd;
               &lt;code_string&gt;226&lt;/code_string&gt;&#xd;
            &lt;/defining_code&gt;&#xd;
         &lt;/setting&gt;&#xd;
      &lt;/context&gt;&#xd;
      &lt;content xsi:type=&quot;OBSERVATION&quot; archetype_node_id=&quot;openEHR-EHR-OBSERVATION.blood_pressure.v1&quot;&gt;&#xd;
         &lt;name&gt;&#xd;
            &lt;value&gt;Blood Pressure&lt;/value&gt;&#xd;
         &lt;/name&gt;&#xd;
         &lt;language&gt;&#xd;
            &lt;terminology_id&gt;&#xd;
               &lt;value&gt;ISO 639&lt;/value&gt;&#xd;
            &lt;/terminology_id&gt;&#xd;
            &lt;code_string&gt;en&lt;/code_string&gt;&#xd;
         &lt;/language&gt;&#xd;
         &lt;encoding&gt;&#xd;
            &lt;terminology_id&gt;&#xd;
               &lt;value&gt;IANA&lt;/value&gt;&#xd;
            &lt;/terminology_id&gt;&#xd;
            &lt;code_string&gt;utf-8&lt;/code_string&gt;&#xd;
         &lt;/encoding&gt;&#xd;
         &lt;subject xsi:type=&quot;PARTY_SELF&quot;/&gt;&#xd;
         &lt;protocol xsi:type=&quot;ITEM_LIST&quot; archetype_node_id=&quot;at0011&quot;&gt;&#xd;
            &lt;name&gt;&#xd;
               &lt;value&gt;protocol&lt;/value&gt;&#xd;
            &lt;/name&gt;&#xd;
            &lt;items archetype_node_id=&quot;at0014&quot;&gt;&#xd;
               &lt;name&gt;&#xd;
                  &lt;value&gt;Location of measurement&lt;/value&gt;&#xd;
               &lt;/name&gt;&#xd;
               &lt;value xsi:type=&quot;DV_CODED_TEXT&quot;&gt;&#xd;
                  &lt;value&gt;Right arm&lt;/value&gt;&#xd;
                  &lt;defining_code&gt;&#xd;
                     &lt;terminology_id&gt;&#xd;
                        &lt;value&gt;local&lt;/value&gt;&#xd;
                     &lt;/terminology_id&gt;&#xd;
                     &lt;code_string&gt;at0025&lt;/code_string&gt;&#xd;
                  &lt;/defining_code&gt;&#xd;
               &lt;/value&gt;&#xd;
            &lt;/items&gt;&#xd;
         &lt;/protocol&gt;&#xd;
         &lt;data archetype_node_id=&quot;at0001&quot;&gt;&#xd;
            &lt;name&gt;&#xd;
               &lt;value&gt;data&lt;/value&gt;&#xd;
            &lt;/name&gt;&#xd;
            &lt;origin&gt;&#xd;
               &lt;value&gt;20070920T104614,0156+0930&lt;/value&gt;&#xd;
            &lt;/origin&gt;&#xd;
            &lt;events xsi:type=&quot;POINT_EVENT&quot; archetype_node_id=&quot;at0006&quot;&gt;&#xd;
               &lt;name&gt;&#xd;
                  &lt;value&gt;any event&lt;/value&gt;&#xd;
               &lt;/name&gt;&#xd;
               &lt;time&gt;&#xd;
                  &lt;value&gt;20070920T104614,0156+0930&lt;/value&gt;&#xd;
               &lt;/time&gt;&#xd;
               &lt;data xsi:type=&quot;ITEM_LIST&quot; archetype_node_id=&quot;at0003&quot;&gt;&#xd;
                  &lt;name&gt;&#xd;
                     &lt;value&gt;data&lt;/value&gt;&#xd;
                  &lt;/name&gt;&#xd;
                  &lt;items archetype_node_id=&quot;at0004&quot;&gt;&#xd;
                     &lt;name&gt;&#xd;
                        &lt;value&gt;systolic&lt;/value&gt;&#xd;
                     &lt;/name&gt;&#xd;
                     &lt;value xsi:type=&quot;DV_QUANTITY&quot;&gt;&#xd;
                        &lt;magnitude&gt;120&lt;/magnitude&gt;&#xd;
                        &lt;units&gt;mm[Hg]&lt;/units&gt;&#xd;
                     &lt;/value&gt;&#xd;
                  &lt;/items&gt;&#xd;
                  &lt;items archetype_node_id=&quot;at0005&quot;&gt;&#xd;
                     &lt;name&gt;&#xd;
                        &lt;value&gt;diastolic&lt;/value&gt;&#xd;
                     &lt;/name&gt;&#xd;
                     &lt;value xsi:type=&quot;DV_QUANTITY&quot;&gt;&#xd;
                        &lt;magnitude&gt;90&lt;/magnitude&gt;&#xd;
                        &lt;units&gt;mm[Hg]&lt;/units&gt;&#xd;
                     &lt;/value&gt;&#xd;
                  &lt;/items&gt;&#xd;
               &lt;/data&gt;&#xd;
            &lt;/events&gt;&#xd;
         &lt;/data&gt;&#xd;
      &lt;/content&gt;&#xd;
   &lt;/data&gt;&#xd;
   &#xd;
   &lt;!-- DV_CODED_TEXT --&gt;&#xd;
   &lt;lifecycle_state&gt;&#xd;
     &lt;value&gt;completed&lt;/value&gt;&#xd;
     &lt;defining_code&gt;&#xd;
       &lt;terminology_id&gt;&#xd;
         &lt;value&gt;openehr&lt;/value&gt;&#xd;
       &lt;/terminology_id&gt;&#xd;
       &lt;code_string&gt;532&lt;/code_string&gt;&#xd;
     &lt;/defining_code&gt;&#xd;
   &lt;/lifecycle_state&gt;&#xd;
 &lt;/version&gt;</string>
  </a>
</java.util.Arrays_-ArrayList><java.util.Arrays_-ArrayList>
  <a class="string-array">
    <string>&lt;?xml version=&quot;1.0&quot; encoding=&quot;UTF-8&quot;?&gt;&#xd;
&lt;version xmlns:xsi=&quot;http://www.w3.org/2001/XMLSchema-instance&quot; xmlns=&quot;http://schemas.openehr.org/v1&quot;&gt;&#xd;
   &#xd;
   &lt;!-- OBJECT_REF contribution = NULL // se setea en el servidor --&gt;&#xd;
   &#xd;
   &lt;!-- AUDIT_DETAILS --&gt;&#xd;
   &lt;commit_audit&gt;&#xd;
     &lt;!-- Identity of the system where the change was committed --&gt;&#xd;
	 &lt;!-- system_id = NULL // lo setea el servidor con su id ej. ISIS_EHR_SERVER --&gt;&#xd;
     &#xd;
     &lt;!-- DV_DATE_TIME time_committed = NULL // lo setea el servidor con el momento que recibe el commit,&#xd;
                                             // se copia el valor de CONTRIBUTION.audit.timeCommitted --&gt;&#xd;
     &#xd;
     &lt;!-- DV_CODED_TEXT --&gt;&#xd;
     &lt;change_type&gt;&#xd;
       &lt;value&gt;creation&lt;/value&gt;&#xd;
       &lt;defining_code&gt;&#xd;
         &lt;terminology_id&gt;&#xd;
           &lt;value&gt;openehr&lt;/value&gt;&#xd;
         &lt;/terminology_id&gt;&#xd;
         &lt;code_string&gt;249&lt;/code_string&gt;&#xd;
       &lt;/defining_code&gt;&#xd;
     &lt;/change_type&gt;&#xd;
     &#xd;
     &lt;!-- PARTY_IDENTIFIED --&gt;&#xd;
     &lt;committer&gt;&#xd;
       &lt;name&gt;ISIS_EMR_APP&lt;/name&gt;&#xd;
     &lt;/committer&gt;&#xd;
   &lt;/commit_audit&gt;&#xd;
   &#xd;
   &lt;!-- OBJECT_VERSION_ID uid = NULL // se setea en el servidor --&gt;&#xd;
   &lt;!--&#xd;
   &lt;uid&gt;&#xd;
     &lt;value&gt;10aec661-5458-4ff6-8e63-c22655371444::ISIS_EMR::1&lt;/value&gt;&#xd;
   &lt;/uid&gt;&#xd;
   --&gt;&#xd;
   &#xd;
   &lt;!-- COMPOSITION --&gt;&#xd;
   &lt;data xsi:type=&quot;COMPOSITION&quot; archetype_node_id=&quot;openEHR-EHR-COMPOSITION.encounter.v1&quot;&gt;&#xd;
      &lt;name&gt;&#xd;
         &lt;value&gt;Blood Pressure&lt;/value&gt;&#xd;
      &lt;/name&gt;&#xd;
      &lt;language&gt;&#xd;
         &lt;terminology_id&gt;&#xd;
            &lt;value/&gt;&#xd;
         &lt;/terminology_id&gt;&#xd;
         &lt;code_string/&gt;&#xd;
      &lt;/language&gt;&#xd;
      &lt;territory&gt;&#xd;
         &lt;terminology_id&gt;&#xd;
            &lt;value&gt;ISO 1366&lt;/value&gt;&#xd;
         &lt;/terminology_id&gt;&#xd;
         &lt;code_string&gt;036&lt;/code_string&gt;&#xd;
      &lt;/territory&gt;&#xd;
      &lt;category&gt;&#xd;
         &lt;value&gt;event&lt;/value&gt;&#xd;
         &lt;defining_code&gt;&#xd;
            &lt;terminology_id&gt;&#xd;
               &lt;value&gt;openehr&lt;/value&gt;&#xd;
            &lt;/terminology_id&gt;&#xd;
            &lt;code_string&gt;433&lt;/code_string&gt;&#xd;
         &lt;/defining_code&gt;&#xd;
      &lt;/category&gt;&#xd;
      &lt;composer xsi:type=&quot;PARTY_IDENTIFIED&quot;&gt;&#xd;
         &lt;name&gt;Dr. Pablo Pazos&lt;/name&gt;&#xd;
      &lt;/composer&gt;&#xd;
      &lt;context&gt;&#xd;
         &lt;start_time&gt;&#xd;
            &lt;value&gt;20070920T104614,0000+0930&lt;/value&gt;&#xd;
         &lt;/start_time&gt;&#xd;
         &lt;setting&gt;&#xd;
            &lt;value&gt;emergency care&lt;/value&gt;&#xd;
            &lt;defining_code&gt;&#xd;
               &lt;terminology_id&gt;&#xd;
                  &lt;value&gt;openEHR&lt;/value&gt;&#xd;
               &lt;/terminology_id&gt;&#xd;
               &lt;code_string&gt;226&lt;/code_string&gt;&#xd;
            &lt;/defining_code&gt;&#xd;
         &lt;/setting&gt;&#xd;
      &lt;/context&gt;&#xd;
      &lt;content xsi:type=&quot;OBSERVATION&quot; archetype_node_id=&quot;openEHR-EHR-OBSERVATION.blood_pressure.v1&quot;&gt;&#xd;
         &lt;name&gt;&#xd;
            &lt;value&gt;Blood Pressure&lt;/value&gt;&#xd;
         &lt;/name&gt;&#xd;
         &lt;language&gt;&#xd;
            &lt;terminology_id&gt;&#xd;
               &lt;value&gt;ISO 639&lt;/value&gt;&#xd;
            &lt;/terminology_id&gt;&#xd;
            &lt;code_string&gt;en&lt;/code_string&gt;&#xd;
         &lt;/language&gt;&#xd;
         &lt;encoding&gt;&#xd;
            &lt;terminology_id&gt;&#xd;
               &lt;value&gt;IANA&lt;/value&gt;&#xd;
            &lt;/terminology_id&gt;&#xd;
            &lt;code_string&gt;utf-8&lt;/code_string&gt;&#xd;
         &lt;/encoding&gt;&#xd;
         &lt;subject xsi:type=&quot;PARTY_SELF&quot;/&gt;&#xd;
         &lt;protocol xsi:type=&quot;ITEM_LIST&quot; archetype_node_id=&quot;at0011&quot;&gt;&#xd;
            &lt;name&gt;&#xd;
               &lt;value&gt;protocol&lt;/value&gt;&#xd;
            &lt;/name&gt;&#xd;
            &lt;items archetype_node_id=&quot;at0014&quot;&gt;&#xd;
               &lt;name&gt;&#xd;
                  &lt;value&gt;Location of measurement&lt;/value&gt;&#xd;
               &lt;/name&gt;&#xd;
               &lt;value xsi:type=&quot;DV_CODED_TEXT&quot;&gt;&#xd;
                  &lt;value&gt;Right arm&lt;/value&gt;&#xd;
                  &lt;defining_code&gt;&#xd;
                     &lt;terminology_id&gt;&#xd;
                        &lt;value&gt;local&lt;/value&gt;&#xd;
                     &lt;/terminology_id&gt;&#xd;
                     &lt;code_string&gt;at0025&lt;/code_string&gt;&#xd;
                  &lt;/defining_code&gt;&#xd;
               &lt;/value&gt;&#xd;
            &lt;/items&gt;&#xd;
         &lt;/protocol&gt;&#xd;
         &lt;data archetype_node_id=&quot;at0001&quot;&gt;&#xd;
            &lt;name&gt;&#xd;
               &lt;value&gt;data&lt;/value&gt;&#xd;
            &lt;/name&gt;&#xd;
            &lt;origin&gt;&#xd;
               &lt;value&gt;20070920T104614,0156+0930&lt;/value&gt;&#xd;
            &lt;/origin&gt;&#xd;
            &lt;events xsi:type=&quot;POINT_EVENT&quot; archetype_node_id=&quot;at0006&quot;&gt;&#xd;
               &lt;name&gt;&#xd;
                  &lt;value&gt;any event&lt;/value&gt;&#xd;
               &lt;/name&gt;&#xd;
               &lt;time&gt;&#xd;
                  &lt;value&gt;20070920T104614,0156+0930&lt;/value&gt;&#xd;
               &lt;/time&gt;&#xd;
               &lt;data xsi:type=&quot;ITEM_LIST&quot; archetype_node_id=&quot;at0003&quot;&gt;&#xd;
                  &lt;name&gt;&#xd;
                     &lt;value&gt;data&lt;/value&gt;&#xd;
                  &lt;/name&gt;&#xd;
                  &lt;items archetype_node_id=&quot;at0004&quot;&gt;&#xd;
                     &lt;name&gt;&#xd;
                        &lt;value&gt;systolic&lt;/value&gt;&#xd;
                     &lt;/name&gt;&#xd;
                     &lt;value xsi:type=&quot;DV_QUANTITY&quot;&gt;&#xd;
                        &lt;magnitude&gt;120&lt;/magnitude&gt;&#xd;
                        &lt;units&gt;mm[Hg]&lt;/units&gt;&#xd;
                     &lt;/value&gt;&#xd;
                  &lt;/items&gt;&#xd;
                  &lt;items archetype_node_id=&quot;at0005&quot;&gt;&#xd;
                     &lt;name&gt;&#xd;
                        &lt;value&gt;diastolic&lt;/value&gt;&#xd;
                     &lt;/name&gt;&#xd;
                     &lt;value xsi:type=&quot;DV_QUANTITY&quot;&gt;&#xd;
                        &lt;magnitude&gt;90&lt;/magnitude&gt;&#xd;
                        &lt;units&gt;mm[Hg]&lt;/units&gt;&#xd;
                     &lt;/value&gt;&#xd;
                  &lt;/items&gt;&#xd;
               &lt;/data&gt;&#xd;
            &lt;/events&gt;&#xd;
         &lt;/data&gt;&#xd;
      &lt;/content&gt;&#xd;
   &lt;/data&gt;&#xd;
   &#xd;
   &lt;!-- DV_CODED_TEXT --&gt;&#xd;
   &lt;lifecycle_state&gt;&#xd;
     &lt;value&gt;completed&lt;/value&gt;&#xd;
     &lt;defining_code&gt;&#xd;
       &lt;terminology_id&gt;&#xd;
         &lt;value&gt;openehr&lt;/value&gt;&#xd;
       &lt;/terminology_id&gt;&#xd;
       &lt;code_string&gt;532&lt;/code_string&gt;&#xd;
     &lt;/defining_code&gt;&#xd;
   &lt;/lifecycle_state&gt;&#xd;
 &lt;/version&gt;</string>
    <string>&lt;?xml version=&quot;1.0&quot; encoding=&quot;UTF-8&quot;?&gt;&#xd;
&lt;version xmlns:xsi=&quot;http://www.w3.org/2001/XMLSchema-instance&quot; xmlns=&quot;http://schemas.openehr.org/v1&quot;&gt;&#xd;
   &#xd;
   &lt;!-- OBJECT_REF contribution = NULL // se setea en el servidor --&gt;&#xd;
   &#xd;
   &lt;!-- AUDIT_DETAILS --&gt;&#xd;
   &lt;commit_audit&gt;&#xd;
     &lt;!-- Identity of the system where the change was committed --&gt;&#xd;
	 &lt;!-- system_id = NULL // lo setea el servidor con su id ej. ISIS_EHR_SERVER --&gt;&#xd;
     &#xd;
     &lt;!-- DV_DATE_TIME time_committed = NULL // lo setea el servidor con el momento que recibe el commit,&#xd;
                                             // se copia el valor de CONTRIBUTION.audit.timeCommitted --&gt;&#xd;
     &#xd;
     &lt;!-- DV_CODED_TEXT --&gt;&#xd;
     &lt;change_type&gt;&#xd;
       &lt;value&gt;creation&lt;/value&gt;&#xd;
       &lt;defining_code&gt;&#xd;
         &lt;terminology_id&gt;&#xd;
           &lt;value&gt;openehr&lt;/value&gt;&#xd;
         &lt;/terminology_id&gt;&#xd;
         &lt;code_string&gt;249&lt;/code_string&gt;&#xd;
       &lt;/defining_code&gt;&#xd;
     &lt;/change_type&gt;&#xd;
     &#xd;
     &lt;!-- PARTY_IDENTIFIED --&gt;&#xd;
     &lt;committer&gt;&#xd;
       &lt;name&gt;ISIS_EMR_APP&lt;/name&gt;&#xd;
     &lt;/committer&gt;&#xd;
   &lt;/commit_audit&gt;&#xd;
   &#xd;
   &lt;!-- OBJECT_VERSION_ID uid = NULL // se setea en el servidor --&gt;&#xd;
   &lt;!--&#xd;
   &lt;uid&gt;&#xd;
     &lt;value&gt;10aec661-5458-4ff6-8e63-c22655371444::ISIS_EMR::1&lt;/value&gt;&#xd;
   &lt;/uid&gt;&#xd;
   --&gt;&#xd;
   &#xd;
   &lt;!-- COMPOSITION --&gt;&#xd;
   &lt;data xsi:type=&quot;COMPOSITION&quot; archetype_node_id=&quot;openEHR-EHR-COMPOSITION.encounter.v1&quot;&gt;&#xd;
      &lt;name&gt;&#xd;
         &lt;value&gt;Blood Pressure&lt;/value&gt;&#xd;
      &lt;/name&gt;&#xd;
      &lt;language&gt;&#xd;
         &lt;terminology_id&gt;&#xd;
            &lt;value/&gt;&#xd;
         &lt;/terminology_id&gt;&#xd;
         &lt;code_string/&gt;&#xd;
      &lt;/language&gt;&#xd;
      &lt;territory&gt;&#xd;
         &lt;terminology_id&gt;&#xd;
            &lt;value&gt;ISO 1366&lt;/value&gt;&#xd;
         &lt;/terminology_id&gt;&#xd;
         &lt;code_string&gt;036&lt;/code_string&gt;&#xd;
      &lt;/territory&gt;&#xd;
      &lt;category&gt;&#xd;
         &lt;value&gt;event&lt;/value&gt;&#xd;
         &lt;defining_code&gt;&#xd;
            &lt;terminology_id&gt;&#xd;
               &lt;value&gt;openehr&lt;/value&gt;&#xd;
            &lt;/terminology_id&gt;&#xd;
            &lt;code_string&gt;433&lt;/code_string&gt;&#xd;
         &lt;/defining_code&gt;&#xd;
      &lt;/category&gt;&#xd;
      &lt;composer xsi:type=&quot;PARTY_IDENTIFIED&quot;&gt;&#xd;
         &lt;name&gt;Dr. Pablo Pazos&lt;/name&gt;&#xd;
      &lt;/composer&gt;&#xd;
      &lt;context&gt;&#xd;
         &lt;start_time&gt;&#xd;
            &lt;value&gt;20081024T104614,0000+0930&lt;/value&gt;&#xd;
         &lt;/start_time&gt;&#xd;
         &lt;setting&gt;&#xd;
            &lt;value&gt;emergency care&lt;/value&gt;&#xd;
            &lt;defining_code&gt;&#xd;
               &lt;terminology_id&gt;&#xd;
                  &lt;value&gt;openEHR&lt;/value&gt;&#xd;
               &lt;/terminology_id&gt;&#xd;
               &lt;code_string&gt;226&lt;/code_string&gt;&#xd;
            &lt;/defining_code&gt;&#xd;
         &lt;/setting&gt;&#xd;
      &lt;/context&gt;&#xd;
      &lt;content xsi:type=&quot;OBSERVATION&quot; archetype_node_id=&quot;openEHR-EHR-OBSERVATION.blood_pressure.v1&quot;&gt;&#xd;
         &lt;name&gt;&#xd;
            &lt;value&gt;Blood Pressure&lt;/value&gt;&#xd;
         &lt;/name&gt;&#xd;
         &lt;language&gt;&#xd;
            &lt;terminology_id&gt;&#xd;
               &lt;value&gt;ISO 639&lt;/value&gt;&#xd;
            &lt;/terminology_id&gt;&#xd;
            &lt;code_string&gt;en&lt;/code_string&gt;&#xd;
         &lt;/language&gt;&#xd;
         &lt;encoding&gt;&#xd;
            &lt;terminology_id&gt;&#xd;
               &lt;value&gt;IANA&lt;/value&gt;&#xd;
            &lt;/terminology_id&gt;&#xd;
            &lt;code_string&gt;utf-8&lt;/code_string&gt;&#xd;
         &lt;/encoding&gt;&#xd;
         &lt;subject xsi:type=&quot;PARTY_SELF&quot;/&gt;&#xd;
         &lt;protocol xsi:type=&quot;ITEM_LIST&quot; archetype_node_id=&quot;at0011&quot;&gt;&#xd;
            &lt;name&gt;&#xd;
               &lt;value&gt;protocol&lt;/value&gt;&#xd;
            &lt;/name&gt;&#xd;
            &lt;items archetype_node_id=&quot;at0014&quot;&gt;&#xd;
               &lt;name&gt;&#xd;
                  &lt;value&gt;Location of measurement&lt;/value&gt;&#xd;
               &lt;/name&gt;&#xd;
               &lt;value xsi:type=&quot;DV_CODED_TEXT&quot;&gt;&#xd;
                  &lt;value&gt;Right arm&lt;/value&gt;&#xd;
                  &lt;defining_code&gt;&#xd;
                     &lt;terminology_id&gt;&#xd;
                        &lt;value&gt;local&lt;/value&gt;&#xd;
                     &lt;/terminology_id&gt;&#xd;
                     &lt;code_string&gt;at0025&lt;/code_string&gt;&#xd;
                  &lt;/defining_code&gt;&#xd;
               &lt;/value&gt;&#xd;
            &lt;/items&gt;&#xd;
         &lt;/protocol&gt;&#xd;
         &lt;data archetype_node_id=&quot;at0001&quot;&gt;&#xd;
            &lt;name&gt;&#xd;
               &lt;value&gt;data&lt;/value&gt;&#xd;
            &lt;/name&gt;&#xd;
            &lt;origin&gt;&#xd;
               &lt;value&gt;20070920T104614,0156+0930&lt;/value&gt;&#xd;
            &lt;/origin&gt;&#xd;
            &lt;events xsi:type=&quot;POINT_EVENT&quot; archetype_node_id=&quot;at0006&quot;&gt;&#xd;
               &lt;name&gt;&#xd;
                  &lt;value&gt;any event&lt;/value&gt;&#xd;
               &lt;/name&gt;&#xd;
               &lt;time&gt;&#xd;
                  &lt;value&gt;20070920T104614,0156+0930&lt;/value&gt;&#xd;
               &lt;/time&gt;&#xd;
               &lt;data xsi:type=&quot;ITEM_LIST&quot; archetype_node_id=&quot;at0003&quot;&gt;&#xd;
                  &lt;name&gt;&#xd;
                     &lt;value&gt;data&lt;/value&gt;&#xd;
                  &lt;/name&gt;&#xd;
                  &lt;items archetype_node_id=&quot;at0004&quot;&gt;&#xd;
                     &lt;name&gt;&#xd;
                        &lt;value&gt;systolic&lt;/value&gt;&#xd;
                     &lt;/name&gt;&#xd;
                     &lt;value xsi:type=&quot;DV_QUANTITY&quot;&gt;&#xd;
                        &lt;magnitude&gt;120&lt;/magnitude&gt;&#xd;
                        &lt;units&gt;mm[Hg]&lt;/units&gt;&#xd;
                     &lt;/value&gt;&#xd;
                  &lt;/items&gt;&#xd;
                  &lt;items archetype_node_id=&quot;at0005&quot;&gt;&#xd;
                     &lt;name&gt;&#xd;
                        &lt;value&gt;diastolic&lt;/value&gt;&#xd;
                     &lt;/name&gt;&#xd;
                     &lt;value xsi:type=&quot;DV_QUANTITY&quot;&gt;&#xd;
                        &lt;magnitude&gt;90&lt;/magnitude&gt;&#xd;
                        &lt;units&gt;mm[Hg]&lt;/units&gt;&#xd;
                     &lt;/value&gt;&#xd;
                  &lt;/items&gt;&#xd;
               &lt;/data&gt;&#xd;
            &lt;/events&gt;&#xd;
         &lt;/data&gt;&#xd;
      &lt;/content&gt;&#xd;
   &lt;/data&gt;&#xd;
   &#xd;
   &lt;!-- DV_CODED_TEXT --&gt;&#xd;
   &lt;lifecycle_state&gt;&#xd;
     &lt;value&gt;completed&lt;/value&gt;&#xd;
     &lt;defining_code&gt;&#xd;
       &lt;terminology_id&gt;&#xd;
         &lt;value&gt;openehr&lt;/value&gt;&#xd;
       &lt;/terminology_id&gt;&#xd;
       &lt;code_string&gt;532&lt;/code_string&gt;&#xd;
     &lt;/defining_code&gt;&#xd;
   &lt;/lifecycle_state&gt;&#xd;
 &lt;/version&gt;</string>
  </a>
</java.util.Arrays_-ArrayList>